Command: vcs -full64 -sverilog -debug_access+all fp4_to_fp9.v tb_fp4_to_fp9.v -l \
compile.log
                         Chronologic VCS (TM)
       Version O-2018.09-SP2_Full64 -- Fri Nov  7 16:17:23 2025
               Copyright (c) 1991-2018 by Synopsys Inc.
                         ALL RIGHTS RESERVED

This program is proprietary and confidential information of Synopsys Inc.
and may be used and disclosed only as authorized in a license agreement
controlling such use and disclosure.

Parsing design file 'fp4_to_fp9.v'
Parsing design file 'tb_fp4_to_fp9.v'
Top Level Modules:
       tb_fp4_to_fp9
No TimeScale specified
Starting vcs inline pass...
1 module and 0 UDP read.
recompiling module tb_fp4_to_fp9
rm -f _csrc*.so pre_vcsobj_*.so share_vcsobj_*.so
ld -shared  -Bsymbolic  -o .//../simv.daidir//_csrc0.so objs/amcQw_d.o 
rm -f _csrc0.so
if [ -x ../simv ]; then chmod -x ../simv; fi
g++  -o ../simv    -Wl,-rpath-link=./ -Wl,-rpath='$ORIGIN'/simv.daidir/ -Wl,-rpath=./simv.daidir/ \
-Wl,-rpath='$ORIGIN'/simv.daidir//scsim.db.dir  -rdynamic  -Wl,-rpath=/export/SoftWare/Synopsys/vcs/O-2018.09-SP2/linux64/lib \
-L/export/SoftWare/Synopsys/vcs/O-2018.09-SP2/linux64/lib     _8832_archive_1.so \
_prev_archive_1.so _csrc0.so  SIM_l.o  _csrc0.so     rmapats_mop.o rmapats.o rmar.o \
rmar_nd.o  rmar_llvm_0_1.o rmar_llvm_0_0.o          -lzerosoft_rt_stubs -lvirsim \
-lerrorinf -lsnpsmalloc -lvfs    -lvcsnew -lsimprofile -luclinative /export/SoftWare/Synopsys/vcs/O-2018.09-SP2/linux64/lib/vcs_tls.o \
-Wl,-whole-archive -lvcsucli -Wl,-no-whole-archive        _vcs_pli_stub_.o   /export/SoftWare/Synopsys/vcs/O-2018.09-SP2/linux64/lib/vcs_save_restore_new.o \
/export/SoftWare/Synopsys/verdi/Verdi_O-2018.09-SP2/share/PLI/VCS/LINUX64/pli.a -ldl \
-lc -lm -lpthread -ldl 
../simv up to date
CPU time: .720 seconds to compile + .609 seconds to elab + .856 seconds to link
