#######################################################################################
# log primitive debug message of FSDB dumping                                         #
# This is for R&D to analyze when there are issues happening when FSDB dump           #
#######################################################################################
ANF: vcsd_get_serial_mode_status('simv: undefined symbol: vcsd_get_serial_mode_status')
ANF: vcsd_enable_sva_success_callback('simv: undefined symbol: vcsd_enable_sva_success_callback')
ANF: vcsd_disable_sva_success_callback('simv: undefined symbol: vcsd_disable_sva_success_callback')
ANF: vcsd_get_power_scope_name('simv: undefined symbol: vcsd_get_power_scope_name')
ANF: vcsd_begin_no_value_var_info('simv: undefined symbol: vcsd_begin_no_value_var_info')
ANF: vcsd_end_no_value_var_info('simv: undefined symbol: vcsd_end_no_value_var_info')
ANF: vcsd_remove_xprop_merge_mode_callback('simv: undefined symbol: vcsd_remove_xprop_merge_mode_callback')
ANF: vhpi_get_cb_info('simv: undefined symbol: vhpi_get_cb_info')
ANF: vhpi_free_handle('simv: undefined symbol: vhpi_free_handle')
ANF: vhpi_fetch_vcsd_handle('simv: undefined symbol: vhpi_fetch_vcsd_handle')
ANF: vhpi_fetch_vpi_handle('simv: undefined symbol: vhpi_fetch_vpi_handle')
ANF: vhpi_has_verilog_parent('simv: undefined symbol: vhpi_has_verilog_parent')
ANF: vhpi_is_verilog_scope('simv: undefined symbol: vhpi_is_verilog_scope')
ANF: scsd_xprop_is_enabled('simv: undefined symbol: scsd_xprop_is_enabled')
ANF: scsd_xprop_sig_is_promoted('simv: undefined symbol: scsd_xprop_sig_is_promoted')
ANF: scsd_xprop_int_xvalue('simv: undefined symbol: scsd_xprop_int_xvalue')
ANF: scsd_xprop_bool_xvalue('simv: undefined symbol: scsd_xprop_bool_xvalue')
ANF: scsd_xprop_enum_xvalue('simv: undefined symbol: scsd_xprop_enum_xvalue')
ANF: scsd_xprop_register_merge_mode_cb('simv: undefined symbol: scsd_xprop_register_merge_mode_cb')
ANF: scsd_xprop_delete_merge_mode_cb('simv: undefined symbol: scsd_xprop_delete_merge_mode_cb')
ANF: scsd_xprop_get_merge_mode('simv: undefined symbol: scsd_xprop_get_merge_mode')
ANF: scsd_thread_get_info('simv: undefined symbol: scsd_thread_get_info')
ANF: scsd_thread_vc_init('simv: undefined symbol: scsd_thread_vc_init')
ANF: scsd_master_set_delta_sync_cbk('simv: undefined symbol: scsd_master_set_delta_sync_cbk')
ANF: scsd_fgp_get_fsdb_cores('simv: undefined symbol: scsd_fgp_get_fsdb_cores')
ANF: msvEnableDumpingMode('simv: undefined symbol: msvEnableDumpingMode')
ANF: msvGetVersion('simv: undefined symbol: msvGetVersion')
ANF: msvGetInstProp('simv: undefined symbol: msvGetInstProp')
ANF: msvIsSpiceEngineReady('simv: undefined symbol: msvIsSpiceEngineReady')
ANF: msvSetAddProbeCallback('simv: undefined symbol: msvSetAddProbeCallback')
ANF: msvGetInstHandle('simv: undefined symbol: msvGetInstHandle')
ANF: msvGetProbeByInst('simv: undefined symbol: msvGetProbeByInst')
ANF: msvGetSigHandle('simv: undefined symbol: msvGetSigHandle')
ANF: msvGetProbeBySig('simv: undefined symbol: msvGetProbeBySig')
ANF: msvGetProbeInfo('simv: undefined symbol: msvGetProbeInfo')
ANF: msvRelease('simv: undefined symbol: msvRelease')
ANF: msvSetVcCallbackFunc('simv: undefined symbol: msvSetVcCallbackFunc')
ANF: msvCheckVcCallback('simv: undefined symbol: msvCheckVcCallback')
ANF: msvAddVcCallback('simv: undefined symbol: msvAddVcCallback')
ANF: msvRemoveVcCallback('simv: undefined symbol: msvRemoveVcCallback')
ANF: msvGetLatestValue('simv: undefined symbol: msvGetLatestValue')
ANF: msvSetEndofSimCallback('simv: undefined symbol: msvSetEndofSimCallback')
ANF: msvIgnoredProbe('simv: undefined symbol: msvIgnoredProbe')
ANF: msvGetThruNetInfo('simv: undefined symbol: msvGetThruNetInfo')
ANF: msvFreeThruNetInfo('simv: undefined symbol: msvFreeThruNetInfo')
ANF: PI_ace_get_output_time_unit('simv: undefined symbol: PI_ace_get_output_time_unit')
ANF: PI_ace_sim_sync('simv: undefined symbol: PI_ace_sim_sync')
ANF: msvGetRereadInitFile('simv: undefined symbol: msvGetRereadInitFile')
ANF: msvSetBeforeRereadCallback('simv: undefined symbol: msvSetBeforeRereadCallback')
ANF: msvSetAfterRereadCallback('simv: undefined symbol: msvSetAfterRereadCallback')
ANF: msvSetForceCallback('simv: undefined symbol: msvSetForceCallback')
ANF: msvSetReleaseCallback('simv: undefined symbol: msvSetReleaseCallback')
ANF: msvGetForceStatus('simv: undefined symbol: msvGetForceStatus')
ANF: vhdi_dt_get_type('simv: undefined symbol: vhdi_dt_get_type')
ANF: vhdi_dt_get_key('simv: undefined symbol: vhdi_dt_get_key')
ANF: vhdi_dt_get_vhdl_enum_info('simv: undefined symbol: vhdi_dt_get_vhdl_enum_info')
ANF: vhdi_dt_get_vhdl_physical_info('simv: undefined symbol: vhdi_dt_get_vhdl_physical_info')
ANF: vhdi_dt_get_vhdl_array_info('simv: undefined symbol: vhdi_dt_get_vhdl_array_info')
ANF: vhdi_dt_get_vhdl_record_info('simv: undefined symbol: vhdi_dt_get_vhdl_record_info')
ANF: vhdi_def_traverse_module('simv: undefined symbol: vhdi_def_traverse_module')
ANF: vhdi_def_traverse_scope('simv: undefined symbol: vhdi_def_traverse_scope')
ANF: vhdi_def_traverse_variable('simv: undefined symbol: vhdi_def_traverse_variable')
ANF: vhdi_def_get_module_id_by_vhpi('simv: undefined symbol: vhdi_def_get_module_id_by_vhpi')
ANF: vhdi_def_get_handle_by_module_id('simv: undefined symbol: vhdi_def_get_handle_by_module_id')
ANF: vhdi_def_get_variable_info_by_vhpi('simv: undefined symbol: vhdi_def_get_variable_info_by_vhpi')
ANF: vhdi_def_free('simv: undefined symbol: vhdi_def_free')
ANF: vhdi_ist_traverse_scope('simv: undefined symbol: vhdi_ist_traverse_scope')
ANF: vhdi_ist_traverse_variable('simv: undefined symbol: vhdi_ist_traverse_variable')
ANF: vhdi_ist_convert_by_vhpi('simv: undefined symbol: vhdi_ist_convert_by_vhpi')
ANF: vhdi_ist_clone('simv: undefined symbol: vhdi_ist_clone')
ANF: vhdi_ist_free('simv: undefined symbol: vhdi_ist_free')
ANF: vhdi_ist_hash_key('simv: undefined symbol: vhdi_ist_hash_key')
ANF: vhdi_ist_compare('simv: undefined symbol: vhdi_ist_compare')
ANF: vhdi_ist_get_value_addr('simv: undefined symbol: vhdi_ist_get_value_addr')
ANF: vhdi_set_scsd_callback('simv: undefined symbol: vhdi_set_scsd_callback')
ANF: vhdi_cbk_set_force_callback('simv: undefined symbol: vhdi_cbk_set_force_callback')
ANF: vhdi_trigger_init_force('simv: undefined symbol: vhdi_trigger_init_force')
ANF: vhdi_ist_check_scsd_callback('simv: undefined symbol: vhdi_ist_check_scsd_callback')
ANF: vhdi_ist_add_scsd_callback('simv: undefined symbol: vhdi_ist_add_scsd_callback')
ANF: vhdi_ist_remove_scsd_callback('simv: undefined symbol: vhdi_ist_remove_scsd_callback')
ANF: vhdi_ist_get_scsd_user_data('simv: undefined symbol: vhdi_ist_get_scsd_user_data')
ANF: vhdi_add_time_change_callback('simv: undefined symbol: vhdi_add_time_change_callback')
ANF: vhdi_get_real_value_by_value_addr('simv: undefined symbol: vhdi_get_real_value_by_value_addr')
ANF: vhdi_get_64_value_by_value_addr('simv: undefined symbol: vhdi_get_64_value_by_value_addr')
ANF: vhdi_xprop_inst_is_promoted('simv: undefined symbol: vhdi_xprop_inst_is_promoted')
ANF: vdi_ist_convert_by_vhdi('simv: undefined symbol: vdi_ist_convert_by_vhdi')
ANF: vhdi_ist_get_module_id('simv: undefined symbol: vhdi_ist_get_module_id')
ANF: vhdi_refine_foreign_scope_type('simv: undefined symbol: vhdi_refine_foreign_scope_type')
ANF: vhdi_flush_callback('simv: undefined symbol: vhdi_flush_callback')
ANF: vhdi_set_orig_name('simv: undefined symbol: vhdi_set_orig_name')
ANF: vhdi_set_dump_pt('simv: undefined symbol: vhdi_set_dump_pt')
ANF: vhdi_get_fsdb_option('simv: undefined symbol: vhdi_get_fsdb_option')
ANF: vhdi_fgp_get_mode('simv: undefined symbol: vhdi_fgp_get_mode')
ANF: vhdi_node_register_composite_var('simv: undefined symbol: vhdi_node_register_composite_var')
ANF: vhdi_node_analysis('simv: undefined symbol: vhdi_node_analysis')
ANF: vhdi_node_id('simv: undefined symbol: vhdi_node_id')
ANF: vhdi_node_ist_check_scsd_callback('simv: undefined symbol: vhdi_node_ist_check_scsd_callback')
ANF: vhdi_node_ist_add_scsd_callback('simv: undefined symbol: vhdi_node_ist_add_scsd_callback')
ANF: vhdi_node_ist_get_value_addr('simv: undefined symbol: vhdi_node_ist_get_value_addr')
VCS compile option:
 option[0]: simv
 option[1]: +v2k
 option[2]: /export/SoftWare/Synopsys/vcs/O-2018.09-SP2/linux64/bin/vcs1
 option[3]: -Mcc=gcc
 option[4]: -Mcplusplus=g++
 option[5]: -Masflags=
 option[6]: -Mcfl= -pipe -fPIC -O -I/export/SoftWare/Synopsys/vcs/O-2018.09-SP2/include 
 option[7]: -Mxcflags= -pipe -fPIC -I/export/SoftWare/Synopsys/vcs/O-2018.09-SP2/include
 option[8]: -Mldflags= -rdynamic 
 option[9]: -Mout=simv
 option[10]: -Mamsrun=
 option[11]: -Mvcsaceobjs=
 option[12]: -Mobjects= /export/SoftWare/Synopsys/vcs/O-2018.09-SP2/linux64/lib/libvirsim.so /export/SoftWare/Synopsys/vcs/O-2018.09-SP2/linux64/lib/liberrorinf.so /export/SoftWare/Synopsys/vcs/O-2018.09-SP2/linux64/lib/libsnpsmalloc.so /export/SoftWare/Synopsys/vcs/O-2018.09-SP2/linux64/lib/libvfs.so 
 option[13]: -Mexternalobj=
 option[14]: -Msaverestoreobj=/export/SoftWare/Synopsys/vcs/O-2018.09-SP2/linux64/lib/vcs_save_restore_new.o
 option[15]: -Mcrt0=
 option[16]: -Mcrtn=
 option[17]: -Mcsrc=
 option[18]: -Msyslibs=/export/SoftWare/Synopsys/verdi/Verdi_O-2018.09-SP2/share/PLI/VCS/LINUX64/pli.a -ldl 
 option[19]: -Xvcs_run_simv=1
 option[20]: +v2k
 option[21]: -debug_access+all
 option[22]: +vpi
 option[23]: +vcsd1
 option[24]: +itf+/export/SoftWare/Synopsys/vcs/O-2018.09-SP2/linux64/lib/vcsdp_lite.tab
 option[25]: -top
 option[26]: tb_fp4_to_fp9
 option[27]: -picarchive
 option[28]: -P
 option[29]: /export/SoftWare/Synopsys/verdi/Verdi_O-2018.09-SP2/share/PLI/VCS/LINUX64/verdi.tab
 option[30]: -fsdb
 option[31]: -sverilog
 option[32]: -gen_obj
 option[33]: fp4_to_fp9.v
 option[34]: tb_fp4_to_fp9.v
 option[35]: -load
 option[36]: /export/SoftWare/Synopsys/verdi/Verdi_O-2018.09-SP2/share/PLI/VCS/LINUX64/libnovas.so:FSDBDumpCmd
Chronologic Simulation VCS Release O-2018.09-SP2_Full64
Linux 3.10.0-1160.el7.x86_64 #1 SMP Mon Oct 19 16:18:59 UTC 2020 x86_64
CPU cores: 20
Limit information:
======================================
cputime		unlimited
filesize		unlimited
datasize		unlimited
stacksize		8192 kbytes
coredumpsize		0 kbytes
memoryuse		unlimited
vmemoryuse		unlimited
descriptors		4096
memorylocked		64 kbytes
maxproc		4096
======================================
(Special)Runtime environment variables:

Runtime environment variables:
SYNOPSYS_HOME=/export/SoftWare/Synopsys
PRIMETIME_HOME=/export/SoftWare/Synopsys/pts/O-2018.06-SP1
PVSHOME=/export/SoftWare/Cadence/PVS20.11.000
INNOVUS_HOME=/export/SoftWare/Cadence/INNOVUS20.10.000
NIOS2EDS_HOME=/export/SoftWare/Altera/QuartusPrimeStd_2018/nios2eds
SYNOPSYS_LC_ROOT=/export/SoftWare/Synopsys/lc/O-2018.06-SP1
XDG_SESSION_ID=c12
SSH_AGENT_PID=9073
TCAD_HOME=/export/SoftWare/Silvaco/TCAD_2018
HOSTNAME=eda2
UNAME=/bin/uname
IMSETTINGS_INTEGRATE_DESKTOP=yes
XRDP_SOCKET_PATH=/run/xrdp
CDSROOT=/export/SoftWare/Cadence/IC06.18.250
TESSENT_PATH=/export/SoftWare/Mentor/Tessent_2021_2
SCRNAME=vcs
GPG_AGENT_INFO=/usrhome/xinyihuang/.gnupg/S.gpg-agent:9082:1
VCS_DEPTH=0
VTE_VERSION=5204
SHELL=/bin/bash
TERM=xterm-256color
IDENTIFY_HOME=/export/SoftWare/Synopsys/identify/N-2018.03-SP1
HOST=icpc
HISTSIZE=1000
ossSimUserSiDir=/export/SoftWare/Keysight/ADS_2020.2/idf/ads_site/si
STAR_RCXT_HOME=/export/SoftWare/Synopsys/starrc/O-2018.06-SP1
RedHawk_HOME=/export/SoftWare/Ansys/Redhawk2019/RedHawk_Linux64e5_V19.0.3
XA_HOME=/export/SoftWare/Synopsys/xa/O-2018.09-SP5
SPECTRE_HOME=/export/SoftWare/Cadence/SPECTRE21.10.303
XCELIUMMAIN_HOME=/export/SoftWare/Cadence/XCELIUMMAIN_20.09.009
SSV_HOME=/export/SoftWare/Cadence/SSV20.20.000
QUESTASIM_HOME=/export/SoftWare/Mentor/QuestaSim_2021.2_1/questasim
WINDOWID=46137347
CDS_LOAD_ENV=CWD
VIVADO_HOME=/export/SoftWare/Xilinx/Vivado_2019.1/Vivado/2019.1
VCS_TARGET_ARCH=amd64
QTDIR=/usr/lib64/qt-3.3
EMX_HOME=/export/SoftWare/Integrand/emx64-5.7
QTINC=/usr/lib64/qt-3.3/include
QPROGRAMMER_HOME=/export/SoftWare/Altera/QuartusPrimeStd_2018/qprogrammer
JLS_HOME=/export/SoftWare/Cadence/JLS19.13.000
CDS_HOME=/export/SoftWare/Cadence/IC06.18.250
LIBERATE_HOME=/export/SoftWare/Cadence/LIBERATE20.10.674
LC_ALL=C
MATLAB_HOME=/export/SoftWare/MathWork/MatlabR2020a
MENTOR_HOME=/export/SoftWare/Mentor
QT_GRAPHICSSYSTEM_CHECKED=1
IMSETTINGS_MODULE=none
CUSTOMCOMPILER_HOME=/export/SoftWare/Synopsys/customcompiler/O-2018.09-SP1
USER=xinyihuang
QUANTUS_HOME=/export/SoftWare/Cadence//export/SoftWare/Cadence/QUANTUS20.12.000
LS_COLORS=rs=0:di=38;5;27:ln=38;5;51:mh=44;38;5;15:pi=40;38;5;11:so=38;5;13:do=38;5;5:bd=48;5;232;38;5;11:cd=48;5;232;38;5;3:or=48;5;232;38;5;9:mi=05;48;5;232;38;5;15:su=48;5;196;38;5;15:sg=48;5;11;38;5;16:ca=48;5;196;38;5;226:tw=48;5;10;38;5;16:ow=48;5;10;38;5;21:st=48;5;21;38;5;15:ex=38;5;34:*.tar=38;5;9:*.tgz=38;5;9:*.arc=38;5;9:*.arj=38;5;9:*.taz=38;5;9:*.lha=38;5;9:*.lz4=38;5;9:*.lzh=38;5;9:*.lzma=38;5;9:*.tlz=38;5;9:*.txz=38;5;9:*.tzo=38;5;9:*.t7z=38;5;9:*.zip=38;5;9:*.z=38;5;9:*.Z=38;5;9:*.dz=38;5;9:*.gz=38;5;9:*.lrz=38;5;9:*.lz=38;5;9:*.lzo=38;5;9:*.xz=38;5;9:*.bz2=38;5;9:*.bz=38;5;9:*.tbz=38;5;9:*.tbz2=38;5;9:*.tz=38;5;9:*.deb=38;5;9:*.rpm=38;5;9:*.jar=38;5;9:*.war=38;5;9:*.ear=38;5;9:*.sar=38;5;9:*.rar=38;5;9:*.alz=38;5;9:*.ace=38;5;9:*.zoo=38;5;9:*.cpio=38;5;9:*.7z=38;5;9:*.rz=38;5;9:*.cab=38;5;9:*.jpg=38;5;13:*.jpeg=38;5;13:*.gif=38;5;13:*.bmp=38;5;13:*.pbm=38;5;13:*.pgm=38;5;13:*.ppm=38;5;13:*.tga=38;5;13:*.xbm=38;5;13:*.xpm=38;5;13:*.tif=38;5;13:*.tiff=38;5;13:*.png=38;5;13:*.svg=38;5;13:*.svgz=38;5;13:*.mng=38;5;13:*.pcx=38;5;13:*.mov=38;5;13:*.mpg=38;5;13:*.mpeg=38;5;13:*.m2v=38;5;13:*.mkv=38;5;13:*.webm=38;5;13:*.ogm=38;5;13:*.mp4=38;5;13:*.m4v=38;5;13:*.mp4v=38;5;13:*.vob=38;5;13:*.qt=38;5;13:*.nuv=38;5;13:*.wmv=38;5;13:*.asf=38;5;13:*.rm=38;5;13:*.rmvb=38;5;13:*.flc=38;5;13:*.avi=38;5;13:*.fli=38;5;13:*.flv=38;5;13:*.gl=38;5;13:*.dl=38;5;13:*.xcf=38;5;13:*.xwd=38;5;13:*.yuv=38;5;13:*.cgm=38;5;13:*.emf=38;5;13:*.axv=38;5;13:*.anx=38;5;13:*.ogv=38;5;13:*.ogx=38;5;13:*.aac=38;5;45:*.au=38;5;45:*.flac=38;5;45:*.mid=38;5;45:*.midi=38;5;45:*.mka=38;5;45:*.mp3=38;5;45:*.mpc=38;5;45:*.ogg=38;5;45:*.ra=38;5;45:*.wav=38;5;45:*.axa=38;5;45:*.oga=38;5;45:*.spx=38;5;45:*.xspf=38;5;45:
EMPROHOME=/export/SoftWare/Keysight/ADS_2020.2/fem/2020.20/linux_x86_64/bin
XIC_HOME=/export/SoftWare/Xilinx/Vivado_2019.1/xic
LD_LIBRARY_PATH=/export/SoftWare/Synopsys/vcs/O-2018.09-SP2/linux64/lib:/export/SoftWare/Mentor/Calibre_2021.2_28.15/aoi_cal_2021.2_28.15/shared/pkgs/icv/tools/calibre_client/lib/64:/export/SoftWare/Cadence/IC06.18.250/tools/lib:/export/SoftWare/Synopsys/vcs/O-2018.09-SP2/amd64/lib:/export/SoftWare/Mentor/Calibre_2021.2_28.15/aoi_cal_2021.2_28.15/shared/pkgs/icv/tools/calibre_client/lib/64:/export/SoftWare/Cadence/IC06.18.250/tools/lib:/export/SoftWare/Synopsys/vcs/O-2018.09-SP2/amd64/lib:
XPEDION=/export/SoftWare/Keysight/GoldenGate_2020/GoldenGate-2020
HLS_HOME=/export/SoftWare/Altera/QuartusPrimeStd_2018/hls
FORMALITY_HOME=/export/SoftWare/Synopsys/fm/O-2018.06-SP1
CONFRML_HOME=/export/SoftWare/Cadence/CONFRML19.10.100
MODELGEN_HOME=/export/SoftWare/Integrand/modelgen64-2.22
SILICONSMART_HOME=/export/SoftWare/Synopsys/siliconsmart/N-2017.12-SP2
W3264_NO_HOST_CHECK=1
CDS=/export/SoftWare/Cadence/IC06.18.250
SCRIPT_NAME=vcs
SSH_AUTH_SOCK=/tmp/ssh-CnLlhyIxMkGi/agent.8880
XPEDION_CADENCE_VERSION=618-64b
DVE_HOME=/export/SoftWare/Synopsys/vcs/O-2018.09-SP2/gui/dve
SESSION_MANAGER=local/unix:@/tmp/.ICE-unix/9074,unix/unix:/tmp/.ICE-unix/9074
SENTAURUS_HOME=/export/SoftWare/Synopsys/sentaurus/O_2018.06-SP2
SNPSLMD_LICENSE_FILE=27000@192.168.16.25
APACHEDA_LICENSE_FILE=11112@icpc
OVA_UUM=0
XRDP_PULSE_SINK_SOCKET=xrdp_chansrv_audio_out_socket_12
PULSE_SCRIPT=/etc/xrdp/pulse/default.pa
EMPRO_LICENSE_FILE=/export/SoftWare/Keysight/license/license.lic
SYN_HOME=/export/SoftWare/Synopsys/syn/O-2018.06-SP1
GENUS_HOME=/export/SoftWare/Cadence/GENUS20.10.000
MAIL=/var/spool/mail/xinyihuang
PATH=.:/export/SoftWare/Integrand/emx64-5.7:/export/SoftWare/Integrand/modelgen64-2.22:/export/SoftWare/Ansys/Totem2019/Totem_Linux64e6_V19.2.7/bin:/export/SoftWare/Ansys/Redhawk2019/RedHawk_Linux64e5_V19.0.3/bin:/export/SoftWare/Ansys/AnsysEM18.1/Linux64:/bin:/export/SoftWare/Mentor/TannerTools_2019.2/tanner/bin:/export/SoftWare/Mentor/Tessent_2021_2/bin:/export/SoftWare/Mentor/QuestaSim_2021.2_1/questasim/bin:/export/SoftWare/Mentor/Calibre_2021.2_28.15/aoi_cal_2021.2_28.15/bin:/export/SoftWare/Cadence/STRATUS19.24.100/bin:/export/SoftWare/Cadence/STRATUS19.24.100/tools.lnx86/bin:/export/SoftWare/Cadence/STRATUS19.24.100/tools.lnx86/dfII/bin:/export/SoftWare/Cadence/JASPERGOLD20.03.000/bin:/export/SoftWare/Cadence/JASPERGOLD20.03.000/tools.lnx86/bin:/export/SoftWare/Cadence/JASPERGOLD20.03.000/tools.lnx86/dfII/bin:/export/SoftWare/Cadence/JLS19.13.000/bin:/export/SoftWare/Cadence/JLS19.13.000/tools.lnx86/bin:/export/SoftWare/Cadence/JLS19.13.000/tools.lnx86/dfII/bin:/export/SoftWare/Cadence/SSV20.20.000/bin:/export/SoftWare/Cadence/SSV20.20.000/tools.lnx86/bin:/export/SoftWare/Cadence/SSV20.20.000/tools.lnx86/dfII/bin:/export/SoftWare/Cadence/LIBERATE20.10.674/bin:/export/SoftWare/Cadence/LIBERATE20.10.674/tools.lnx86/bin:/export/SoftWare/Cadence/LIBERATE20.10.674/tools.lnx86/dfII/bin:/export/SoftWare/Cadence/INNOVUS20.10.000/bin:/export/SoftWare/Cadence/INNOVUS20.10.000/tools.lnx86/bin:/export/SoftWare/Cadence/INNOVUS20.10.000/tools.lnx86/dfII/bin:/export/SoftWare/Cadence/GENUS20.10.000/bin:/export/SoftWare/Cadence/GENUS20.10.000/tools.lnx86/bin:/export/SoftWare/Cadence/GENUS20.10.000/tools.lnx86/dfII/bin:/export/SoftWare/Cadence//export/SoftWare/Cadence/QUANTUS20.12.000/bin:/export/SoftWare/Cadence//export/SoftWare/Cadence/QUANTUS20.12.000/tools.lnx86/bin:/export/SoftWare/Cadence//export/SoftWare/Cadence/QUANTUS20.12.000/:/export/SoftWare/Cadence/CONFRML19.10.100/bin:/export/SoftWare/Cadence/CONFRML19.10.100/tools.lnx86/bin:/export/SoftWare/Cadence/INNOVUS20.10.000/:/export/SoftWare/Cadence/XCELIUMMAIN_20.09.009/bin:/export/SoftWare/Cadence/XCELIUMMAIN_20.09.009/tools/bin:/export/SoftWare/Cadence/XCELIUMMAIN_20.09.009/tools/dfII/bin:/export/SoftWare/Cadence/SPECTRE21.10.303/bin:/export/SoftWare/Cadence/SPECTRE21.10.303/tools.lnx86/bin:/export/SoftWare/Cadence/SPECTRE21.10.303/tools.lnx86/dfII/bin:/export/SoftWare/Cadence/PVS20.11.000/bin:/export/SoftWare/Cadence/PVS20.11.000/tools/bin:/export/SoftWare/Cadence/PVS20.11.000/tools/dfII/bin:/export/SoftWare/Cadence/ASSURA04.16.001/bin:/export/SoftWare/Cadence/ASSURA04.16.001/tools/bin:/export/SoftWare/Cadence/ASSURA04.16.001/tools/dfII/bin:/export/SoftWare/Cadence/IC06.18.250/bin:/export/SoftWare/Cadence/IC06.18.250/tools/bin:/export/SoftWare/Cadence/IC06.18.250/tools/dfII/bin:/export/SoftWare/Synopsys/finesim/O-2018.09-SP2/bin:/export/SoftWare/Synopsys/xa/O-2018.09-SP5/bin:/export/SoftWare/Synopsys/siliconsmart/N-2017.12-SP2/bin:/export/SoftWare/Synopsys/siliconsmart/N-2017.12-SP2/amd64/bin:/export/SoftWare/Synopsys/identify/N-2018.03-SP1/bin:/export/SoftWare/Synopsys/fpga/N-2018.03-SP1/bin:/export/SoftWare/Synopsys/lc/O-2018.06-SP1/bin:/export/SoftWare/Synopsys/sentaurus/O_2018.06-SP2/bin:/export/SoftWare/Synopsys/txs/O-2018.06-SP1/bin:/export/SoftWare/Synopsys/wv/O-2018.09-SP2/bin:/export/SoftWare/Synopsys/customcompiler/O-2018.09-SP1/bin:/export/SoftWare/Synopsys/hspice/O-2018.09-SP2/hspice/bin:/export/SoftWare/Synopsys/spyglass/SPYGLASS2018.09-SP1/SPYGLASS_HOME/bin:/export/SoftWare/Synopsys/verdi/Verdi_O-2018.09-SP2/bin:/export/SoftWare/Synopsys/verdi/Verdi_O-2018.09-SP2/platform/LINUX64/bin:/export/SoftWare/Synopsys/verdi/Verdi_O-2018.09-SP2/platform/LINUX64AMD/bin:/export/SoftWare/Synopsys/verdi/Verdi_O-2018.09-SP2/platform/linux64/bin:/export/SoftWare/Synopsys/starrc/O-2018.06-SP1/bin:/export/SoftWare/Synopsys/starrc/O-2018.06-SP1/amd64_starrc/bin:/export/SoftWare/Synopsys/fm/O-2018.06-SP1/bin:/export/SoftWare/Synopsys/vcs/O-2018.09-SP2/gui/dve/bin:/export/SoftWare/Synopsys/vcs/O-2018.09-SP2/bin:/export/SoftWare/Synopsys/vcs/O-2018.09-SP2/amd64/bin:/export/SoftWare/Synopsys/vcs/O-2018.09-SP2/linux64/bin:/export/SoftWare/Synopsys/icc2/O-2018.06/bin:/export/SoftWare/Synopsys/icc/O-2018.06-SP1/bin:/export/SoftWare/Synopsys/icc/O-2018.06-SP1/amd64/bin:/export/SoftWare/Synopsys/pwr/O-2018.06-SP3/bin:/export/SoftWare/Synopsys/pwr/O-2018.06-SP3/amd64/bin:/export/SoftWare/Synopsys/pts/O-2018.06-SP1/bin:/export/SoftWare/Synopsys/pts/O-2018.06-SP1/amd64/bin:/export/SoftWare/Synopsys/syn/O-2018.06-SP1/bin:/export/SoftWare/Synopsys/syn/O-2018.06-SP1/amd64/bin:/export/SoftWare/Silvaco/TCAD_2018/bin:/export/SoftWare/Altera/QuartusPrimeStd_2018/hls/bin:/export/SoftWare/Altera/QuartusPrimeStd_2018/hld/bin:/export/SoftWare/Altera/QuartusPrimeStd_2018/nios2eds/bin:/export/SoftWare/Altera/QuartusPrimeStd_2018/qprogrammer/bin:/export/SoftWare/Altera/QuartusPrimeStd_2018/quartus/bin:/export/SoftWare/Xilinx/Vivado_2019.1/xic/bin:/export/SoftWare/Xilinx/Vivado_2019.1/Model_Composer/2019.1/bin:/export/SoftWare/Xilinx/Vivado_2019.1/SDK/2019.1/bin:/export/SoftWare/Xilinx/Vivado_2019.1/Vivado/2019.1/bin:/export/SoftWare/Keysight/GoldenGate_2020/GoldenGate-2020/bin:/export/SoftWare/Keysight/ADS_2020.2/bin:/export/SoftWare/MathWork/MatlabR2020a/bin:/export/SoftWare/Integrand/emx64-5.7:/export/SoftWare/Integrand/modelgen64-2.22:/export/SoftWare/Ansys/Totem2019/Totem_Linux64e6_V19.2.7/bin:/export/SoftWare/Ansys/Redhawk2019/RedHawk_Linux64e5_V19.0.3/bin:/export/SoftWare/Ansys/AnsysEM18.1/Linux64:/bin:/export/SoftWare/Mentor/TannerTools_2019.2/tanner/bin:/export/SoftWare/Mentor/Tessent_2021_2/bin:/export/SoftWare/Mentor/QuestaSim_2021.2_1/questasim/bin:/export/SoftWare/Mentor/Calibre_2021.2_28.15/aoi_cal_2021.2_28.15/bin:/export/SoftWare/Cadence/STRATUS19.24.100/bin:/export/SoftWare/Cadence/STRATUS19.24.100/tools.lnx86/bin:/export/SoftWare/Cadence/STRATUS19.24.100/tools.lnx86/dfII/bin:/export/SoftWare/Cadence/JASPERGOLD20.03.000/bin:/export/SoftWare/Cadence/JASPERGOLD20.03.000/tools.lnx86/bin:/export/SoftWare/Cadence/JASPERGOLD20.03.000/tools.lnx86/dfII/bin:/export/SoftWare/Cadence/JLS19.13.000/bin:/export/SoftWare/Cadence/JLS19.13.000/tools.lnx86/bin:/export/SoftWare/Cadence/JLS19.13.000/tools.lnx86/dfII/bin:/export/SoftWare/Cadence/SSV20.20.000/bin:/export/SoftWare/Cadence/SSV20.20.000/tools.lnx86/bin:/export/SoftWare/Cadence/SSV20.20.000/tools.lnx86/dfII/bin:/export/SoftWare/Cadence/LIBERATE20.10.674/bin:/export/SoftWare/Cadence/LIBERATE20.10.674/tools.lnx86/bin:/export/SoftWare/Cadence/LIBERATE20.10.674/tools.lnx86/dfII/bin:/export/SoftWare/Cadence/INNOVUS20.10.000/bin:/export/SoftWare/Cadence/INNOVUS20.10.000/tools.lnx86/bin:/export/SoftWare/Cadence/INNOVUS20.10.000/tools.lnx86/dfII/bin:/export/SoftWare/Cadence/GENUS20.10.000/bin:/export/SoftWare/Cadence/GENUS20.10.000/tools.lnx86/bin:/export/SoftWare/Cadence/GENUS20.10.000/tools.lnx86/dfII/bin:/export/SoftWare/Cadence//export/SoftWare/Cadence/QUANTUS20.12.000/bin:/export/SoftWare/Cadence//export/SoftWare/Cadence/QUANTUS20.12.000/tools.lnx86/bin:/export/SoftWare/Cadence//export/SoftWare/Cadence/QUANTUS20.12.000/:/export/SoftWare/Cadence/CONFRML19.10.100/bin:/export/SoftWare/Cadence/CONFRML19.10.100/tools.lnx86/bin:/:/export/SoftWare/Cadence/XCELIUMMAIN_20.09.009/bin:/export/SoftWare/Cadence/XCELIUMMAIN_20.09.009/tools/bin:/export/SoftWare/Cadence/XCELIUMMAIN_20.09.009/tools/dfII/bin:/export/SoftWare/Cadence/SPECTRE21.10.303/bin:/export/SoftWare/Cadence/SPECTRE21.10.303/tools.lnx86/bin:/export/SoftWare/Cadence/SPECTRE21.10.303/tools.lnx86/dfII/bin:/export/SoftWare/Cadence/PVS20.11.000/bin:/export/SoftWare/Cadence/PVS20.11.000/tools/bin:/export/SoftWare/Cadence/PVS20.11.000/tools/dfII/bin:/export/SoftWare/Cadence/ASSURA04.16.001/bin:/export/SoftWare/Cadence/ASSURA04.16.001/tools/bin:/export/SoftWare/Cadence/ASSURA04.16.001/tools/dfII/bin:/export/SoftWare/Cadence/IC06.18.250/bin:/export/SoftWare/Cadence/IC06.18.250/tools/bin:/export/SoftWare/Cadence/IC06.18.250/tools/dfII/bin:/export/SoftWare/Synopsys/finesim/O-2018.09-SP2/bin:/export/SoftWare/Synopsys/xa/O-2018.09-SP5/bin:/export/SoftWare/Synopsys/siliconsmart/N-2017.12-SP2/bin:/export/SoftWare/Synopsys/siliconsmart/N-2017.12-SP2/amd64/bin:/export/SoftWare/Synopsys/identify/N-2018.03-SP1/bin:/export/SoftWare/Synopsys/fpga/N-2018.03-SP1/bin:/export/SoftWare/Synopsys/lc/O-2018.06-SP1/bin:/export/SoftWare/Synopsys/sentaurus/O_2018.06-SP2/bin:/export/SoftWare/Synopsys/txs/O-2018.06-SP1/bin:/export/SoftWare/Synopsys/wv/O-2018.09-SP2/bin:/export/SoftWare/Synopsys/customcompiler/O-2018.09-SP1/bin:/export/SoftWare/Synopsys/hspice/O-2018.09-SP2/hspice/bin:/export/SoftWare/Synopsys/spyglass/SPYGLASS2018.09-SP1/SPYGLASS_HOME/bin:/export/SoftWare/Synopsys/verdi/Verdi_O-2018.09-SP2/bin:/export/SoftWare/Synopsys/verdi/Verdi_O-2018.09-SP2/platform/LINUX64/bin:/export/SoftWare/Synopsys/verdi/Verdi_O-2018.09-SP2/platform/LINUX64AMD/bin:/export/SoftWare/Synopsys/verdi/Verdi_O-2018.09-SP2/platform/linux64/bin:/export/SoftWare/Synopsys/starrc/O-2018.06-SP1/bin:/export/SoftWare/Synopsys/starrc/O-2018.06-SP1/amd64_starrc/bin:/export/SoftWare/Synopsys/fm/O-2018.06-SP1/bin:/export/SoftWare/Synopsys/vcs/O-2018.09-SP2/gui/dve/bin:/export/SoftWare/Synopsys/vcs/O-2018.09-SP2/bin:/export/SoftWare/Synopsys/vcs/O-2018.09-SP2/amd64/bin:/export/SoftWare/Synopsys/vcs/O-2018.09-SP2/linux64/bin:/export/SoftWare/Synopsys/icc2/O-2018.06/bin:/export/SoftWare/Synopsys/icc/O-2018.06-SP1/bin:/export/SoftWare/Synopsys/icc/O-2018.06-SP1/amd64/bin:/export/SoftWare/Synopsys/pwr/O-2018.06-SP3/bin:/export/SoftWare/Synopsys/pwr/O-2018.06-SP3/amd64/bin:/export/SoftWare/Synopsys/pts/O-2018.06-SP1/bin:/export/SoftWare/Synopsys/pts/O-2018.06-SP1/amd64/bin:/export/SoftWare/Synopsys/syn/O-2018.06-SP1/bin:/export/SoftWare/Synopsys/syn/O-2018.06-SP1/amd64/bin:/export/SoftWare/Silvaco/TCAD_2018/bin:/export/SoftWare/Altera/QuartusPrimeStd_2018/hls/bin:/export/SoftWare/Altera/QuartusPrimeStd_2018/hld/bin:/export/SoftWare/Altera/QuartusPrimeStd_2018/nios2eds/bin:/export/SoftWare/Altera/QuartusPrimeStd_2018/qprogrammer/bin:/export/SoftWare/Altera/QuartusPrimeStd_2018/quartus/bin:/export/SoftWare/Xilinx/Vivado_2019.1/xic/bin:/export/SoftWare/Xilinx/Vivado_2019.1/Model_Composer/2019.1/bin:/export/SoftWare/Xilinx/Vivado_2019.1/SDK/2019.1/bin:/export/SoftWare/Xilinx/Vivado_2019.1/Vivado/2019.1/bin:/export/SoftWare/Keysight/GoldenGate_2020/GoldenGate-2020/bin:/export/SoftWare/Keysight/ADS_2020.2/bin:/export/SoftWare/MathWork/MatlabR2020a/bin:/usr/lib64/qt-3.3/bin:/sbin:/bin:/usr/bin:/usr/local/bin:/usr/local/sbin:/usr/sbin:/usrhome/xinyihuang/.local/bin:/usrhome/xinyihuang/bin:/usrhome/xinyihuang/.local/bin:/usrhome/xinyihuang/bin:/usrhome/xinyihuang/.local/bin:/usrhome/xinyihuang/bin
FINESIM_HOME=/export/SoftWare/Synopsys/finesim/O-2018.09-SP2
SPECTRE_DEFAULTS=-E
MODEL_COMPOSER_HOME=/export/SoftWare/Xilinx/Vivado_2019.1/Model_Composer/2019.1
ANSYS_PATH=/export/SoftWare/Ansys
VERDI_HOME=/export/SoftWare/Synopsys/verdi/Verdi_O-2018.09-SP2
CALIBRE_HOME=/export/SoftWare/Mentor/Calibre_2021.2_28.15/aoi_cal_2021.2_28.15
PWD=/usrhome/OB2_OpenSoCPrj/_OpenTensorCore/src/v0p1
CDSDIR=/export/SoftWare/Cadence/IC06.18.250
CADENCE_DIR=/export/SoftWare/Cadence/IC06.18.250
CDS_SPECTRERF_FBENABLE=1
PRIMEPOWER_HOME=/export/SoftWare/Synopsys/pwr/O-2018.06-SP3
VCS_HOME=/export/SoftWare/Synopsys/vcs/O-2018.09-SP2
XRDP_SESSION=1
TXS_HOME=/export/SoftWare/Synopsys/txs/O-2018.06-SP1
LANG=C
XRDP_PULSE_SOURCE_SOCKET=xrdp_chansrv_audio_in_socket_12
ossSimUserHnlDir=/export/SoftWare/Keysight/ADS_2020.2/idf/ads_site/hnl
QUARTUS_HOME=/export/SoftWare/Altera/QuartusPrimeStd_2018/quartus
JASPERGOLD_HOME=/export/SoftWare/Cadence/JASPERGOLD20.03.000
SDK_HOME=/export/SoftWare/Xilinx/Vivado_2019.1/SDK/2019.1
VCS_ARCH_OVERRIDE=linux
ICC_HOME=/export/SoftWare/Synopsys/icc/O-2018.06-SP1
VMR_MODE_FLAG=32
CDSHOME=/export/SoftWare/Cadence/IC06.18.250
HLD_HOME=/export/SoftWare/Altera/QuartusPrimeStd_2018/hld
LM_LICENSE_FILE=27000@192.168.16.25
CDS_Netlisting_Mode=Analog
HISTCONTROL=ignoredups
SSH_ASKPASS=/usr/libexec/openssh/gnome-ssh-askpass
VCS_ARG_ADDED_FOR_TMP=1
SNPS_VCS_TMPDIR=/tmp/vcs_20251111035011_4051
STRATUS_HOME=/export/SoftWare/Cadence/STRATUS19.24.100
SHLVL=5
HOME=/usrhome/xinyihuang
TANNER_PATH=/export/SoftWare/Mentor/TannerTools_2019.2/tanner
ICC2_HOME=/export/SoftWare/Synopsys/icc2/O-2018.06
MGC_HOME=/export/SoftWare/Mentor/Calibre_2021.2_28.15/aoi_cal_2021.2_28.15
CDS_AUTO_64BIT=ALL
CADHOME=/export/SoftWare/Cadence
VCS_COM=/export/SoftWare/Synopsys/vcs/O-2018.09-SP2/linux64/bin/vcs1
GTK_PATH=/usr/lib64/gtk-2.0
HPEESOF_DIR=/export/SoftWare/Keysight/ADS_2020.2
LOGNAME=xinyihuang
MGC_LIB_PATH=/export/SoftWare/Mentor/Calibre_2021.2_28.15/aoi_cal_2021.2_28.15/lib
QTLIB=/usr/lib64/qt-3.3/lib
SPYGLASS_HOME=/export/SoftWare/Synopsys/spyglass/SPYGLASS2018.09-SP1/SPYGLASS_HOME
MGLS_LICENSE_FILE=/export/SoftWare/Mentor/license/license.dat
INTEGRAND_HOME=/export/SoftWare/Integrand
DBUS_SESSION_BUS_ADDRESS=unix:abstract=/tmp/dbus-15Cnj3TvQD,guid=324fc0dd551d72d754c739126909b4e5
XDG_DATA_DIRS=/usrhome/xinyihuang/.local/share/flatpak/exports/share:/var/lib/flatpak/exports/share:/usr/local/share:/usr/share
UID=25074
CDS_LIC_FILE=/export/SoftWare/Cadence/license/license.dat
LESSOPEN=||/usr/bin/lesspipe.sh %s
Totem_HOME=/export/SoftWare/Ansys/Totem2019/Totem_Linux64e6_V19.2.7
HSPICE_HOME=/export/SoftWare/Synopsys/hspice/O-2018.09-SP2/hspice
FPGA_HOME=/export/SoftWare/Synopsys/fpga/N-2018.03-SP1
sysc_uni_pwd=/usrhome/OB2_OpenSoCPrj/_OpenTensorCore/src/v0p1
ALTERA_HOME=/export/SoftWare/Altera
CDS_ENABLE_VMS=1
DISPLAY=:12.0
XDG_RUNTIME_DIR=/run/user/25074
CDS_LIC_ONLY=1
MGC_CALIBRE_REALTIME_VIRTUOSO_ENABLED=1
VCS_ARCH=linux64
CDS_ROOT=/export/SoftWare/Cadence/IC06.18.250
TOOL_HOME=/export/SoftWare/Synopsys/vcs/O-2018.09-SP2/linux64
XILINX_HOME=/export/SoftWare/Xilinx
CDS_SPECTRE_FBENABLE=1
ASSURAHOME=/export/SoftWare/Cadence/ASSURA04.16.001
COLORTERM=truecolor
ADS_LICENSE_FILE=/export/SoftWare/Keysight/license/license.lic
GOLDENGATE_LICENSE_FILE=/export/SoftWare/Keysight/license/license.lic
WV_HOME=/export/SoftWare/Synopsys/wv/O-2018.09-SP2
CDS_INST_DIR=/export/SoftWare/Cadence/IC06.18.250
CALIBRE_ENABLE_SKILL_PEXBA_MODE=1
_=./simv
OLDPWD=/usrhome/OB2_OpenSoCPrj/_OpenTensorCore/src/v0p1/simv.daidir/debug_dump/fsearch
VCS_HEAP_EXEC=true
VCS_PATHMAP_PRELOAD_DONE=1
VCS_EXEC_DONE=1
DVE=/export/SoftWare/Synopsys/vcs/O-2018.09-SP2/gui/dve
SPECMAN_OUTPUT_TO_TTY=1
Runtime command line arguments:
argv[0]=simv
argv[1]=+v2k
324 profile - 100
          CPU/Mem usage: 0.120 sys,  0.670 user,  256.77M mem
325 Tue Nov 11 11:50:16 2025
326 pliAppInit
327 FSDB_GATE is set.
328 FSDB_RTL is set.
329 Enable Parallel Dumping.
330 pliAppMiscSet: New Sim Round
331 pliEntryInit
332 LIBSSCORE=found /export/SoftWare/Synopsys/verdi/Verdi_O-2018.09-SP2/share/PLI/lib/LINUXAMD64/libsscore_vcs201809.so through $NOVAS_HOME setting.
333 FSDB Dumper for VCS, Release Verdi_O-2018.09-SP2, Linux x86_64/64bit, 02/21/2019
334 (C) 1996 - 2019 by Synopsys, Inc.
335 sps_call_fsdbDumpfile_main at 0 : tb_fp4_to_fp9.v(184)
336 argv[0]: (fp4_to_fp9.fsdb)
337 *Verdi* FSDB WARNING: The FSDB file already exists. Overwriting the FSDB file may crash the programs that are using this file.
338 *Verdi* : Create FSDB file 'fp4_to_fp9.fsdb'
339 compile option from '/usrhome/OB2_OpenSoCPrj/_OpenTensorCore/src/v0p1/simv.daidir/vcs_rebuild'.
340   "vcs '-sverilog' '+v2k' '-debug_access+all' 'fp4_to_fp9.v' 'tb_fp4_to_fp9.v' '-top' 'tb_fp4_to_fp9' '-R' 2>&1"
341 FSDB_VCS_ENABLE_FAST_VC is enable
342 sps_call_fsdbDumpvars_vd_main at 0 : tb_fp4_to_fp9.v(185)
343 argv[0]: (+all)
344 argv[1]: (handle) tb_fp4_to_fp9
345 [spi_vcs_vd_ppi_create_root]: no upf option
346 FSDB dumper cannot dump UPF related power signal ($power_tree): no ppiPowerNetwork.
347 *Verdi* : Begin traversing the scope (tb_fp4_to_fp9), layer (0).
348 *Verdi* : Enable +all dumping.
349 *Verdi* : End of traversing.
350 pliAppHDL_DumpVarComplete traverse var: profile - 
          CPU/Mem usage: 0.160 sys,  0.680 user,  352.03M mem
                   incr: 0.000 sys,  0.010 user,  7.42M mem
                   accu: 0.000 sys,  0.010 user,  7.42M mem
              accu incr: 0.000 sys,  0.010 user,  7.42M mem

          Count usage: 100 var,  100 idcode,  18 callback
                 incr: 100 var,  100 idcode,  18 callback
                 accu: 100 var,  100 idcode,  18 callback
            accu incr: 100 var,  100 idcode,  18 callback
351 Tue Nov 11 11:50:16 2025
352 pliAppHDL_DumpVarComplete: profile - 
          CPU/Mem usage: 0.160 sys,  0.680 user,  353.08M mem
                   incr: 0.000 sys,  0.000 user,  1.05M mem
                   accu: 0.000 sys,  0.010 user,  8.47M mem
              accu incr: 0.000 sys,  0.000 user,  1.05M mem

          Count usage: 100 var,  100 idcode,  18 callback
                 incr: 0 var,  0 idcode,  0 callback
                 accu: 100 var,  100 idcode,  18 callback
            accu incr: 0 var,  0 idcode,  0 callback
353 Tue Nov 11 11:50:16 2025
354 End of simulation at 210
355 Tue Nov 11 11:50:16 2025
356 Begin FSDB profile info:
357 FSDB Writer : bc1(73) bcn(164) mtf/stf(0/0)
FSDB Writer elapsed time : flush(0.005476) io wait(0.000000) theadpool wait(0.000000) target functin(0.000000)
FSDB Writer cpu time : MT Compression : 0
358 End FSDB profile info
359 Parallel profile    -  Flush:3 Expand:0 ProduceWait:0 ConsumerWait:0 BlockUsed:0
360                        ProduceTime:0.860908158 ConsumerTime:0.000000000 Buffer:64MB
361 SimExit
362 Sim process exit
